Arguments: 
  /Users/esaavedra/.nvm/versions/node/v10.16.3/bin/node /usr/local/Cellar/yarn/1.21.1/libexec/bin/yarn.js

PATH: 
  /usr/local/opt/mysql@5.6/bin:/usr/local/opt/mysql@5.6/bin:/usr/local/opt/openssl@1.1/bin:/Users/esaavedra/.nvm/versions/node/v10.16.3/bin:/Users/esaavedra/.composer/vendor/bin:/usr/local/bin:/usr/bin:/bin:/usr/sbin:/sbin:/usr/local/MacGPG2/bin

Yarn version: 
  1.21.1

Node version: 
  10.16.3

Platform: 
  darwin x64

Trace: 
  SyntaxError: /Users/esaavedra/Work/personal/anki/package.json: Unexpected token } in JSON at position 179
      at JSON.parse (<anonymous>)
      at /usr/local/Cellar/yarn/1.21.1/libexec/lib/cli.js:1625:59
      at Generator.next (<anonymous>)
      at step (/usr/local/Cellar/yarn/1.21.1/libexec/lib/cli.js:310:30)
      at /usr/local/Cellar/yarn/1.21.1/libexec/lib/cli.js:321:13

npm manifest: 
  {
    "name": "anki-personal",
    "version": "1.0.0",
    "description": "",
    "main": "index.js",
    "scripts": {
      "dev": "webpack --mode=development",
      "build": "webpack -p",
    },
    "author": "",
    "license": "ISC",
    "dependencies": {
    },
    "devDependencies": {
      "@babel/cli": "7.4.4",
      "@babel/core": "7.4.4",
      "@babel/plugin-proposal-class-properties": "7.4.4",
      "@babel/preset-env": "7.4.4",
      "@babel/preset-es2015": "7.0.0-beta.53",
      "@babel/preset-react": "7.0.0",
      "babel-eslint": "10.0.2",
      "babel-loader": "8.0.5",
      "eslint": "5.16.0",
      "eslint-plugin-react": "7.12.4",
      "minimist": "^1.2.0",
      "terser-webpack-plugin": "^2.1.0",
      "webpack": "4.34.0",
      "webpack-cli": "3.3.4",
      "npm-run-all": "4.1.5"
    }
  }

yarn manifest: 
  No manifest

Lockfile: 
  No lockfile
